[0.104s] DEBUG:colcon:Command line arguments: ['/usr/bin/colcon', 'build', '--packages-select', 'arm_control']
[0.104s] DEBUG:colcon:Parsed command line arguments: Namespace(log_base=None, log_level=None, verb_name='build', build_base='build', install_base='install', merge_install=False, symlink_install=False, test_result_base=None, continue_on_error=False, executor='parallel', parallel_workers=22, event_handlers=None, ignore_user_meta=False, metas=['./colcon.meta'], base_paths=['.'], packages_ignore=None, packages_ignore_regex=None, paths=None, packages_up_to=None, packages_up_to_regex=None, packages_above=None, packages_above_and_dependencies=None, packages_above_depth=None, packages_select_by_dep=None, packages_skip_by_dep=None, packages_skip_up_to=None, packages_select_build_failed=False, packages_skip_build_finished=False, packages_select_test_failures=False, packages_skip_test_passed=False, packages_select=['arm_control'], packages_skip=None, packages_select_regex=None, packages_skip_regex=None, packages_start=None, packages_end=None, allow_overriding=[], cmake_args=None, cmake_target=None, cmake_target_skip_unavailable=False, cmake_clean_cache=False, cmake_clean_first=False, cmake_force_configure=False, ament_cmake_args=None, catkin_cmake_args=None, catkin_skip_building_tests=False, verb_parser=<colcon_defaults.argument_parser.defaults.DefaultArgumentsDecorator object at 0x70e31943d610>, verb_extension=<colcon_core.verb.build.BuildVerb object at 0x70e31943d460>, main=<bound method BuildVerb.main of <colcon_core.verb.build.BuildVerb object at 0x70e31943d460>>)
[0.144s] Level 1:colcon.colcon_core.package_discovery:discover_packages(colcon_meta) check parameters
[0.144s] Level 1:colcon.colcon_core.package_discovery:discover_packages(recursive) check parameters
[0.144s] Level 1:colcon.colcon_core.package_discovery:discover_packages(ignore) check parameters
[0.144s] Level 1:colcon.colcon_core.package_discovery:discover_packages(path) check parameters
[0.144s] Level 1:colcon.colcon_core.package_discovery:discover_packages(colcon_meta) discover
[0.144s] Level 1:colcon.colcon_core.package_discovery:discover_packages(recursive) discover
[0.144s] INFO:colcon.colcon_core.package_discovery:Crawling recursively for packages in '/home/mariona/Documents/Hyperspectral_camera/src/arm_control'
[0.145s] Level 1:colcon.colcon_core.package_identification:_identify(.) by extensions ['ignore', 'ignore_ament_install']
[0.145s] Level 1:colcon.colcon_core.package_identification:_identify(.) by extension 'ignore'
[0.145s] Level 1:colcon.colcon_core.package_identification:_identify(.) by extension 'ignore_ament_install'
[0.145s] Level 1:colcon.colcon_core.package_identification:_identify(.) by extensions ['colcon_pkg']
[0.145s] Level 1:colcon.colcon_core.package_identification:_identify(.) by extension 'colcon_pkg'
[0.145s] Level 1:colcon.colcon_core.package_identification:_identify(.) by extensions ['colcon_meta']
[0.145s] Level 1:colcon.colcon_core.package_identification:_identify(.) by extension 'colcon_meta'
[0.145s] Level 1:colcon.colcon_core.package_identification:_identify(.) by extensions ['ros']
[0.145s] Level 1:colcon.colcon_core.package_identification:_identify(.) by extension 'ros'
[0.177s] DEBUG:colcon.colcon_core.package_identification:Package '.' with type 'ros.ament_cmake' and name 'arm_control'
[0.177s] Level 1:colcon.colcon_core.package_discovery:discover_packages(recursive) using defaults
[0.177s] Level 1:colcon.colcon_core.package_discovery:discover_packages(ignore) discover
[0.177s] Level 1:colcon.colcon_core.package_discovery:discover_packages(ignore) using defaults
[0.177s] Level 1:colcon.colcon_core.package_discovery:discover_packages(path) discover
[0.177s] Level 1:colcon.colcon_core.package_discovery:discover_packages(path) using defaults
[0.196s] Level 1:colcon.colcon_core.package_discovery:discover_packages(prefix_path) check parameters
[0.196s] Level 1:colcon.colcon_core.package_discovery:discover_packages(prefix_path) discover
[0.198s] DEBUG:colcon.colcon_installed_package_information.package_discovery:Found 1 installed packages in /home/mariona/Documents/Hyperspectral_camera/install
[0.229s] DEBUG:colcon.colcon_installed_package_information.package_discovery:Found 287 installed packages in /opt/ros/jazzy
[0.230s] Level 1:colcon.colcon_core.package_discovery:discover_packages(prefix_path) using defaults
[0.271s] Level 5:colcon.colcon_core.verb:set package 'arm_control' build argument 'cmake_args' from command line to 'None'
[0.271s] Level 5:colcon.colcon_core.verb:set package 'arm_control' build argument 'cmake_target' from command line to 'None'
[0.271s] Level 5:colcon.colcon_core.verb:set package 'arm_control' build argument 'cmake_target_skip_unavailable' from command line to 'False'
[0.271s] Level 5:colcon.colcon_core.verb:set package 'arm_control' build argument 'cmake_clean_cache' from command line to 'False'
[0.271s] Level 5:colcon.colcon_core.verb:set package 'arm_control' build argument 'cmake_clean_first' from command line to 'False'
[0.271s] Level 5:colcon.colcon_core.verb:set package 'arm_control' build argument 'cmake_force_configure' from command line to 'False'
[0.271s] Level 5:colcon.colcon_core.verb:set package 'arm_control' build argument 'ament_cmake_args' from command line to 'None'
[0.271s] Level 5:colcon.colcon_core.verb:set package 'arm_control' build argument 'catkin_cmake_args' from command line to 'None'
[0.271s] Level 5:colcon.colcon_core.verb:set package 'arm_control' build argument 'catkin_skip_building_tests' from command line to 'False'
[0.271s] DEBUG:colcon.colcon_core.verb:Building package 'arm_control' with the following arguments: {'ament_cmake_args': None, 'build_base': '/home/mariona/Documents/Hyperspectral_camera/src/arm_control/build/arm_control', 'catkin_cmake_args': None, 'catkin_skip_building_tests': False, 'cmake_args': None, 'cmake_clean_cache': False, 'cmake_clean_first': False, 'cmake_force_configure': False, 'cmake_target': None, 'cmake_target_skip_unavailable': False, 'install_base': '/home/mariona/Documents/Hyperspectral_camera/src/arm_control/install/arm_control', 'merge_install': False, 'path': '/home/mariona/Documents/Hyperspectral_camera/src/arm_control', 'symlink_install': False, 'test_result_base': None}
[0.271s] INFO:colcon.colcon_core.executor:Executing jobs using 'parallel' executor
[0.273s] DEBUG:colcon.colcon_parallel_executor.executor.parallel:run_until_complete
[0.273s] INFO:colcon.colcon_ros.task.ament_cmake.build:Building ROS package in '/home/mariona/Documents/Hyperspectral_camera/src/arm_control' with build type 'ament_cmake'
[0.273s] INFO:colcon.colcon_cmake.task.cmake.build:Building CMake package in '/home/mariona/Documents/Hyperspectral_camera/src/arm_control'
[0.276s] INFO:colcon.colcon_core.plugin_system:Skipping extension 'colcon_core.shell.bat': Not used on non-Windows systems
[0.276s] INFO:colcon.colcon_core.shell:Skip shell extension 'powershell' for command environment: Not usable outside of PowerShell
[0.276s] DEBUG:colcon.colcon_core.shell:Skip shell extension 'dsv' for command environment
[0.285s] DEBUG:colcon.colcon_core.event_handler.log_command:Invoking command in '/home/mariona/Documents/Hyperspectral_camera/src/arm_control/build/arm_control': CMAKE_PREFIX_PATH=${CMAKE_PREFIX_PATH}:/opt/ros/jazzy DEBUGINFOD_URLS=https://debuginfod.ubuntu.com /usr/bin/cmake /home/mariona/Documents/Hyperspectral_camera/src/arm_control -DCMAKE_INSTALL_PREFIX=/home/mariona/Documents/Hyperspectral_camera/src/arm_control/install/arm_control
[5.124s] DEBUG:colcon.colcon_core.event_handler.log_command:Invoked command in '/home/mariona/Documents/Hyperspectral_camera/src/arm_control/build/arm_control' returned '0': CMAKE_PREFIX_PATH=${CMAKE_PREFIX_PATH}:/opt/ros/jazzy DEBUGINFOD_URLS=https://debuginfod.ubuntu.com /usr/bin/cmake /home/mariona/Documents/Hyperspectral_camera/src/arm_control -DCMAKE_INSTALL_PREFIX=/home/mariona/Documents/Hyperspectral_camera/src/arm_control/install/arm_control
[5.126s] DEBUG:colcon.colcon_core.event_handler.log_command:Invoking command in '/home/mariona/Documents/Hyperspectral_camera/src/arm_control/build/arm_control': CMAKE_PREFIX_PATH=${CMAKE_PREFIX_PATH}:/opt/ros/jazzy DEBUGINFOD_URLS=https://debuginfod.ubuntu.com /usr/bin/cmake --build /home/mariona/Documents/Hyperspectral_camera/src/arm_control/build/arm_control -- -j22 -l22
[10.433s] DEBUG:colcon.colcon_core.event_handler.log_command:Invoked command in '/home/mariona/Documents/Hyperspectral_camera/src/arm_control/build/arm_control' returned '0': CMAKE_PREFIX_PATH=${CMAKE_PREFIX_PATH}:/opt/ros/jazzy DEBUGINFOD_URLS=https://debuginfod.ubuntu.com /usr/bin/cmake --build /home/mariona/Documents/Hyperspectral_camera/src/arm_control/build/arm_control -- -j22 -l22
[10.451s] DEBUG:colcon.colcon_core.event_handler.log_command:Invoking command in '/home/mariona/Documents/Hyperspectral_camera/src/arm_control/build/arm_control': CMAKE_PREFIX_PATH=${CMAKE_PREFIX_PATH}:/opt/ros/jazzy DEBUGINFOD_URLS=https://debuginfod.ubuntu.com /usr/bin/cmake --install /home/mariona/Documents/Hyperspectral_camera/src/arm_control/build/arm_control
[10.944s] Level 1:colcon.colcon_core.environment:create_environment_scripts_only(arm_control)
[10.944s] DEBUG:colcon.colcon_core.event_handler.log_command:Invoked command in '/home/mariona/Documents/Hyperspectral_camera/src/arm_control/build/arm_control' returned '0': CMAKE_PREFIX_PATH=${CMAKE_PREFIX_PATH}:/opt/ros/jazzy DEBUGINFOD_URLS=https://debuginfod.ubuntu.com /usr/bin/cmake --install /home/mariona/Documents/Hyperspectral_camera/src/arm_control/build/arm_control
[10.947s] Level 1:colcon.colcon_core.environment:checking '/home/mariona/Documents/Hyperspectral_camera/src/arm_control/install/arm_control' for CMake module files
[10.948s] Level 1:colcon.colcon_core.environment:checking '/home/mariona/Documents/Hyperspectral_camera/src/arm_control/install/arm_control' for CMake config files
[10.949s] Level 1:colcon.colcon_core.shell:create_environment_hook('arm_control', 'cmake_prefix_path')
[10.949s] INFO:colcon.colcon_core.shell:Creating environment hook '/home/mariona/Documents/Hyperspectral_camera/src/arm_control/install/arm_control/share/arm_control/hook/cmake_prefix_path.ps1'
[10.950s] INFO:colcon.colcon_core.shell:Creating environment descriptor '/home/mariona/Documents/Hyperspectral_camera/src/arm_control/install/arm_control/share/arm_control/hook/cmake_prefix_path.dsv'
[10.951s] INFO:colcon.colcon_core.shell:Creating environment hook '/home/mariona/Documents/Hyperspectral_camera/src/arm_control/install/arm_control/share/arm_control/hook/cmake_prefix_path.sh'
[10.952s] Level 1:colcon.colcon_core.environment:checking '/home/mariona/Documents/Hyperspectral_camera/src/arm_control/install/arm_control/lib'
[10.952s] Level 1:colcon.colcon_core.shell:create_environment_hook('arm_control', 'ld_library_path_lib')
[10.952s] INFO:colcon.colcon_core.shell:Creating environment hook '/home/mariona/Documents/Hyperspectral_camera/src/arm_control/install/arm_control/share/arm_control/hook/ld_library_path_lib.ps1'
[10.953s] INFO:colcon.colcon_core.shell:Creating environment descriptor '/home/mariona/Documents/Hyperspectral_camera/src/arm_control/install/arm_control/share/arm_control/hook/ld_library_path_lib.dsv'
[10.953s] INFO:colcon.colcon_core.shell:Creating environment hook '/home/mariona/Documents/Hyperspectral_camera/src/arm_control/install/arm_control/share/arm_control/hook/ld_library_path_lib.sh'
[10.953s] Level 1:colcon.colcon_core.environment:checking '/home/mariona/Documents/Hyperspectral_camera/src/arm_control/install/arm_control/bin'
[10.953s] Level 1:colcon.colcon_core.environment:checking '/home/mariona/Documents/Hyperspectral_camera/src/arm_control/install/arm_control/lib/pkgconfig/arm_control.pc'
[10.954s] Level 1:colcon.colcon_core.environment:checking '/home/mariona/Documents/Hyperspectral_camera/src/arm_control/install/arm_control/lib/python3.12/site-packages'
[10.954s] Level 1:colcon.colcon_core.shell:create_environment_hook('arm_control', 'pythonpath')
[10.954s] INFO:colcon.colcon_core.shell:Creating environment hook '/home/mariona/Documents/Hyperspectral_camera/src/arm_control/install/arm_control/share/arm_control/hook/pythonpath.ps1'
[10.954s] INFO:colcon.colcon_core.shell:Creating environment descriptor '/home/mariona/Documents/Hyperspectral_camera/src/arm_control/install/arm_control/share/arm_control/hook/pythonpath.dsv'
[10.955s] INFO:colcon.colcon_core.shell:Creating environment hook '/home/mariona/Documents/Hyperspectral_camera/src/arm_control/install/arm_control/share/arm_control/hook/pythonpath.sh'
[10.955s] Level 1:colcon.colcon_core.environment:checking '/home/mariona/Documents/Hyperspectral_camera/src/arm_control/install/arm_control/bin'
[10.956s] INFO:colcon.colcon_core.shell:Creating package script '/home/mariona/Documents/Hyperspectral_camera/src/arm_control/install/arm_control/share/arm_control/package.ps1'
[10.956s] INFO:colcon.colcon_core.shell:Creating package descriptor '/home/mariona/Documents/Hyperspectral_camera/src/arm_control/install/arm_control/share/arm_control/package.dsv'
[10.957s] INFO:colcon.colcon_core.shell:Creating package script '/home/mariona/Documents/Hyperspectral_camera/src/arm_control/install/arm_control/share/arm_control/package.sh'
[10.958s] INFO:colcon.colcon_core.shell:Creating package script '/home/mariona/Documents/Hyperspectral_camera/src/arm_control/install/arm_control/share/arm_control/package.bash'
[10.958s] INFO:colcon.colcon_core.shell:Creating package script '/home/mariona/Documents/Hyperspectral_camera/src/arm_control/install/arm_control/share/arm_control/package.zsh'
[10.959s] Level 1:colcon.colcon_core.environment:create_file_with_runtime_dependencies(/home/mariona/Documents/Hyperspectral_camera/src/arm_control/install/arm_control/share/colcon-core/packages/arm_control)
[10.959s] Level 1:colcon.colcon_core.environment:create_environment_scripts_only(arm_control)
[10.959s] Level 1:colcon.colcon_core.environment:checking '/home/mariona/Documents/Hyperspectral_camera/src/arm_control/install/arm_control' for CMake module files
[10.960s] Level 1:colcon.colcon_core.environment:checking '/home/mariona/Documents/Hyperspectral_camera/src/arm_control/install/arm_control' for CMake config files
[10.961s] Level 1:colcon.colcon_core.shell:create_environment_hook('arm_control', 'cmake_prefix_path')
[10.961s] INFO:colcon.colcon_core.shell:Creating environment hook '/home/mariona/Documents/Hyperspectral_camera/src/arm_control/install/arm_control/share/arm_control/hook/cmake_prefix_path.ps1'
[10.961s] INFO:colcon.colcon_core.shell:Creating environment descriptor '/home/mariona/Documents/Hyperspectral_camera/src/arm_control/install/arm_control/share/arm_control/hook/cmake_prefix_path.dsv'
[10.962s] INFO:colcon.colcon_core.shell:Creating environment hook '/home/mariona/Documents/Hyperspectral_camera/src/arm_control/install/arm_control/share/arm_control/hook/cmake_prefix_path.sh'
[10.962s] Level 1:colcon.colcon_core.environment:checking '/home/mariona/Documents/Hyperspectral_camera/src/arm_control/install/arm_control/lib'
[10.962s] Level 1:colcon.colcon_core.shell:create_environment_hook('arm_control', 'ld_library_path_lib')
[10.962s] INFO:colcon.colcon_core.shell:Creating environment hook '/home/mariona/Documents/Hyperspectral_camera/src/arm_control/install/arm_control/share/arm_control/hook/ld_library_path_lib.ps1'
[10.963s] INFO:colcon.colcon_core.shell:Creating environment descriptor '/home/mariona/Documents/Hyperspectral_camera/src/arm_control/install/arm_control/share/arm_control/hook/ld_library_path_lib.dsv'
[10.963s] INFO:colcon.colcon_core.shell:Creating environment hook '/home/mariona/Documents/Hyperspectral_camera/src/arm_control/install/arm_control/share/arm_control/hook/ld_library_path_lib.sh'
[10.964s] Level 1:colcon.colcon_core.environment:checking '/home/mariona/Documents/Hyperspectral_camera/src/arm_control/install/arm_control/bin'
[10.964s] Level 1:colcon.colcon_core.environment:checking '/home/mariona/Documents/Hyperspectral_camera/src/arm_control/install/arm_control/lib/pkgconfig/arm_control.pc'
[10.964s] Level 1:colcon.colcon_core.environment:checking '/home/mariona/Documents/Hyperspectral_camera/src/arm_control/install/arm_control/lib/python3.12/site-packages'
[10.964s] Level 1:colcon.colcon_core.shell:create_environment_hook('arm_control', 'pythonpath')
[10.964s] INFO:colcon.colcon_core.shell:Creating environment hook '/home/mariona/Documents/Hyperspectral_camera/src/arm_control/install/arm_control/share/arm_control/hook/pythonpath.ps1'
[10.965s] INFO:colcon.colcon_core.shell:Creating environment descriptor '/home/mariona/Documents/Hyperspectral_camera/src/arm_control/install/arm_control/share/arm_control/hook/pythonpath.dsv'
[10.965s] INFO:colcon.colcon_core.shell:Creating environment hook '/home/mariona/Documents/Hyperspectral_camera/src/arm_control/install/arm_control/share/arm_control/hook/pythonpath.sh'
[10.966s] Level 1:colcon.colcon_core.environment:checking '/home/mariona/Documents/Hyperspectral_camera/src/arm_control/install/arm_control/bin'
[10.966s] INFO:colcon.colcon_core.shell:Creating package script '/home/mariona/Documents/Hyperspectral_camera/src/arm_control/install/arm_control/share/arm_control/package.ps1'
[10.966s] INFO:colcon.colcon_core.shell:Creating package descriptor '/home/mariona/Documents/Hyperspectral_camera/src/arm_control/install/arm_control/share/arm_control/package.dsv'
[10.967s] INFO:colcon.colcon_core.shell:Creating package script '/home/mariona/Documents/Hyperspectral_camera/src/arm_control/install/arm_control/share/arm_control/package.sh'
[10.967s] INFO:colcon.colcon_core.shell:Creating package script '/home/mariona/Documents/Hyperspectral_camera/src/arm_control/install/arm_control/share/arm_control/package.bash'
[10.968s] INFO:colcon.colcon_core.shell:Creating package script '/home/mariona/Documents/Hyperspectral_camera/src/arm_control/install/arm_control/share/arm_control/package.zsh'
[10.968s] Level 1:colcon.colcon_core.environment:create_file_with_runtime_dependencies(/home/mariona/Documents/Hyperspectral_camera/src/arm_control/install/arm_control/share/colcon-core/packages/arm_control)
[10.968s] DEBUG:colcon.colcon_parallel_executor.executor.parallel:closing loop
[10.969s] DEBUG:colcon.colcon_parallel_executor.executor.parallel:loop closed
[10.969s] DEBUG:colcon.colcon_parallel_executor.executor.parallel:run_until_complete finished with '0'
[10.969s] DEBUG:colcon.colcon_core.event_reactor:joining thread
[10.977s] INFO:colcon.colcon_core.plugin_system:Skipping extension 'colcon_notification.desktop_notification.terminal_notifier': Not used on non-Darwin systems
[10.977s] INFO:colcon.colcon_core.plugin_system:Skipping extension 'colcon_notification.desktop_notification.win32': Not used on non-Windows systems
[10.977s] INFO:colcon.colcon_notification.desktop_notification:Sending desktop notification using 'notify2'
[10.997s] DEBUG:colcon.colcon_core.event_reactor:joined thread
[10.998s] INFO:colcon.colcon_core.shell:Creating prefix script '/home/mariona/Documents/Hyperspectral_camera/src/arm_control/install/local_setup.ps1'
[10.999s] INFO:colcon.colcon_core.shell:Creating prefix util module '/home/mariona/Documents/Hyperspectral_camera/src/arm_control/install/_local_setup_util_ps1.py'
[11.001s] INFO:colcon.colcon_core.shell:Creating prefix chain script '/home/mariona/Documents/Hyperspectral_camera/src/arm_control/install/setup.ps1'
[11.002s] INFO:colcon.colcon_core.shell:Creating prefix script '/home/mariona/Documents/Hyperspectral_camera/src/arm_control/install/local_setup.sh'
[11.002s] INFO:colcon.colcon_core.shell:Creating prefix util module '/home/mariona/Documents/Hyperspectral_camera/src/arm_control/install/_local_setup_util_sh.py'
[11.003s] INFO:colcon.colcon_core.shell:Creating prefix chain script '/home/mariona/Documents/Hyperspectral_camera/src/arm_control/install/setup.sh'
[11.004s] INFO:colcon.colcon_core.shell:Creating prefix script '/home/mariona/Documents/Hyperspectral_camera/src/arm_control/install/local_setup.bash'
[11.005s] INFO:colcon.colcon_core.shell:Creating prefix chain script '/home/mariona/Documents/Hyperspectral_camera/src/arm_control/install/setup.bash'
[11.006s] INFO:colcon.colcon_core.shell:Creating prefix script '/home/mariona/Documents/Hyperspectral_camera/src/arm_control/install/local_setup.zsh'
[11.006s] INFO:colcon.colcon_core.shell:Creating prefix chain script '/home/mariona/Documents/Hyperspectral_camera/src/arm_control/install/setup.zsh'
